<?xml version="1.0" encoding="UTF-8"?>
<testsuite name="org.tickets.test.Testenviomensaje" tests="1" skipped="0" failures="0" errors="0" timestamp="2016-03-14T19:25:56" hostname="Yosimar-Valega" time="2.827">
  <properties/>
  <testcase name="testEnviarMensaje" classname="org.tickets.test.Testenviomensaje" time="2.827"/>
  <system-out><![CDATA[]]></system-out>
  <system-err><![CDATA[]]></system-err>
</testsuite>
